{"name": "TC#5 - verify that 0-0 is not equal to 0", "status": "failed", "statusDetails": {"message": "AssertionError: assert (0 - 0) != 0", "trace": "@allure.title(\"TC#5 - verify that 0-0 is not equal to 0\")\n    @allure.description(\"This is a regresssion Test case which checks - verify that 0-0 is not equal to 0\")\n    @pytest.mark.regression\n    def test_sub5():\n>       assert 0-0 != 0\nE       assert (0 - 0) != 0\n\nAutomation_Testing\\Ex_23072024\\test_Lab004.py:42: AssertionError"}, "description": "This is a regresssion Test case which checks - verify that 0-0 is not equal to 0", "start": 1721799920918, "stop": 1721799920918, "uuid": "9b62559f-46c0-48ca-8c9d-930406e074b7", "historyId": "6064d38913d0d3410f458f12c06640ee", "testCaseId": "6064d38913d0d3410f458f12c06640ee", "fullName": "Automation_Testing.Ex_23072024.test_Lab004#test_sub5", "labels": [{"name": "tag", "value": "regression"}, {"name": "parentSuite", "value": "Automation_Testing.Ex_23072024"}, {"name": "suite", "value": "test_Lab004"}, {"name": "host", "value": "DESKTOP-SA11V3T"}, {"name": "thread", "value": "15016-MainThread"}, {"name": "framework", "value": "pytest"}, {"name": "language", "value": "cpython3"}, {"name": "package", "value": "Automation_Testing.Ex_23072024.test_Lab004"}]}